commit 93a491eca65eae66e86ddbcf977051dd7f15c9fe
Author: Chase Richards <richards@hoare7.cs.umsl.edu>
Date:   Wed Apr 15 16:27:47 2020 -0500

    Final Commit: Added output files

commit ee7032b969c413ea9deb0fc12e0087fd0d226e19
Author: Chase Richards <richards@hoare7.cs.umsl.edu>
Date:   Wed Apr 15 11:50:57 2020 -0500

    Finalizing the output statistics and other minor details

commit 9aaeba6e0c1edbfa2051bc9896c78eafc351b957
Author: Chase Richards <richards@hoare7.cs.umsl.edu>
Date:   Wed Apr 15 08:40:38 2020 -0500

    Updated various parts including the dealock redemption so that it checks for deadlock after each deadlocked process is killed to determine if there is still a deadlock, rather than simply killing all deadlocked processes

commit 9aef4f9c69c804eb55a6c26c05fd2ba845b5b89f
Author: Chase Richards <richards@hoare7.cs.umsl.edu>
Date:   Tue Apr 14 20:38:53 2020 -0500

    Updated so each process must run for at least 1 sec of simulated time

commit d5dd8bd95f343c03e4fdec0fdf346edfb83045b9
Author: Chase Richards <richards@hoare7.cs.umsl.edu>
Date:   Tue Apr 14 17:25:16 2020 -0500

    Added the deadlock resolution of killing all processes that are deadlocked until the deadlock is no longer there and started updating readme with explanations

commit 15853b069f2a604ddf6bc6933bd53c584395d00d
Author: Chase Richards <richards@hoare7.cs.umsl.edu>
Date:   Tue Apr 14 11:06:24 2020 -0500

    Printing allocation matrix every 20 granted requests, next resolving deadlock

commit e15f9543d8c22aac0ab0404f59352bd1b2005204
Author: Chase Richards <richards@hoare7.cs.umsl.edu>
Date:   Tue Apr 14 10:10:17 2020 -0500

    Printing allocated matrix when deadlocked processes are detected every simulated second check

commit 048f75e15f9047b77f6a172f935a65d73332f54b
Author: Chase Richards <richards@hoare7.cs.umsl.edu>
Date:   Mon Apr 13 19:46:25 2020 -0500

    Tried adding the allocated matrix printing but having an issue where it prints all zeros even when resources are allocated

commit 7848a4c5e328e62233dadaf5b6bf9b1138dda9a3
Author: Chase Richards <richards@hoare7.cs.umsl.edu>
Date:   Mon Apr 13 18:07:14 2020 -0500

    Added verbose option for printing requesting and releasing a resource and updated the help message

commit 7b2771c8f048cd923a7a4f5c38988eb9057c979d
Author: Chase Richards <richards@hoare7.cs.umsl.edu>
Date:   Mon Apr 13 17:27:40 2020 -0500

    Added bound B to determine if it should request or release and the process is now checking if it should terminate at random time between 0 and 250 ms and releases all resources if

commit 9c5d2e49b6e811d86c6a982b946683fb2839f807
Author: Chase Richards <richards@hoare7.cs.umsl.edu>
Date:   Mon Apr 13 09:13:30 2020 -0500

    Added semaphores to protect the writing to the shared memory clock in both oss and user

commit ce0a78fc3d9b61694407c9a20c07206b588e2749
Author: Chase Richards <richards@hoare7.cs.umsl.edu>
Date:   Mon Apr 13 08:13:31 2020 -0500

    Added deadlock and req_lt_avail functions from notes and adjusted accordingy. Still Need to add resolution for when a deadlock is detected

commit 9d28ca4dcca5ced204dac6af95bc1fad598063e7
Author: Chase Richards <richards@hoare7.cs.umsl.edu>
Date:   Sun Apr 12 19:50:50 2020 -0500

    Finished receving and sending term, request, and release messages to and from oss and user, next working on deadlocks

commit 070df11cce0721e647df0e92997ad1603d847276
Author: Chase Richards <richards@hoare7.cs.umsl.edu>
Date:   Sat Apr 11 23:29:25 2020 -0500

    Tried adding oss granting and releasing resurces and terminating processes but not fully working yet

commit dbffab34daf1321e82da936cd7cfe1c0054a3fcc
Author: Chase Richards <richards@hoare7.cs.umsl.edu>
Date:   Fri Apr 10 21:25:42 2020 -0500

    Added the release and termination message to and from oss but not handling them yet

commit ebbdfb8ae76573eed5a4259f8ba577a15bdf5607
Author: Chase Richards <richards@hoare7.cs.umsl.edu>
Date:   Fri Apr 10 14:34:23 2020 -0500

    Added sending and receiving for a request to and from oss to user

commit fbe26cc9a1e22e1a2fd0c81be86f1baef49b1524
Author: Chase Richards <richards@hoare7.cs.umsl.edu>
Date:   Thu Apr 9 19:02:24 2020 -0500

    Completed paragraph 2 of the assignment sheet: forking at random times, 18 max procs in system, they run in a loop constantly until 2 seconds is up

commit 1c7a7e4c9a6899c677213160680cadbf7f879831
Author: Chase Richards <richards@hoare7.cs.umsl.edu>
Date:   Tue Apr 7 09:00:44 2020 -0500

    Completed first paragraph of assignment: Setup resource descriptor stuct with information on managing resources. Also created to 20 resource descriptors based on the random numbers

commit 981f06a657c55e013a259b09b7af2c4264d9246c
Author: Chase Richards <richards@hoare7.cs.umsl.edu>
Date:   Sun Apr 5 19:05:25 2020 -0500

    Base layout connecting to shared memory and general structure setup

commit e05f4233b4f9cea1978252da75a1e518022dca55
Author: Chase Richards <50150341+Chaserich1@users.noreply.github.com>
Date:   Thu Apr 2 08:07:53 2020 -0500

    Delete README.md

commit 0e19dd8a06ac56fae75b2b08392215e6d7057ff8
Author: Chase Richards <richards@hoare7.cs.umsl.edu>
Date:   Thu Apr 2 08:07:29 2020 -0500

    Initial Setup/Commit

commit 5dbfc6ef47adf2590ca8e45407f8700be45bcf14
Author: Chase Richards <50150341+Chaserich1@users.noreply.github.com>
Date:   Thu Apr 2 08:02:08 2020 -0500

    Initial commit
